<?xml version="1.0" encoding="UTF-8"?>
<!-- Generated by org.testng.reporters.JUnitXMLReporter -->
<testsuite ignored="0" hostname="DESKTOP-T9GRIS5" failures="0" tests="5" name="Car Loan" time="0.092" errors="0" timestamp="2023-02-23T18:16:52 IST">
  <testcase classname="Demo3" name="APILoginCarLoan" time="0.008"/>
  <testcase classname="Demo3" name="MobileLoginCarLoan" time="0.002"/>
  <testcase classname="Demo3" name="MobileSignOutCarLoan" time="0.0"/>
  <testcase classname="Demo3" name="MobileSigninCarLoan" time="0.01"/>
  <testcase classname="Demo3" name="WebLoginCarLoan" time="0.01"/>
</testsuite> <!-- Car Loan -->
