<?xml version="1.0" encoding="UTF-8"?>
<!-- Generated by org.testng.reporters.JUnitXMLReporter -->
<testsuite ignored="0" hostname="DESKTOP-T9GRIS5" failures="0" tests="5" name="Home Loan" time="0.122" errors="0" timestamp="2023-02-23T18:16:52 IST">
  <testcase classname="Demo4" name="APILoginHomeLoan" time="0.01"/>
  <testcase classname="Demo4" name="APILoginHomeLoan" time="0.021"/>
  <testcase classname="Demo4" name="APILoginHomeLoan" time="0.01"/>
  <testcase classname="Demo4" name="MobileLoginHomeLoan" time="0.008"/>
  <testcase classname="Demo4" name="WebLoginHomeLoan" time="0.008"/>
</testsuite> <!-- Home Loan -->
