<?xml version="1.0" encoding="UTF-8"?>
<!-- Generated by org.testng.reporters.JUnitXMLReporter -->
<testsuite ignored="0" hostname="DESKTOP-T9GRIS5" failures="0" tests="4" name="Personal Loan" time="0.14" errors="0" timestamp="2023-02-23T18:16:51 IST">
  <testcase classname="Demo" name="test1" time="0.018"/>
  <testcase classname="Demo" name="test2" time="0.01"/>
  <testcase classname="Demo" name="test4" time="0.01"/>
  <testcase classname="Demo2" name="test3" time="0.002"/>
</testsuite> <!-- Personal Loan -->
